0 info it worked if it ends with ok
1 verbose cli [ 'C:\\Program Files (x86)\\nodejs\\node.exe',
1 verbose cli   'C:\\Program Files (x86)\\nodejs\\node_modules\\npm\\bin\\npm-cli.js',
1 verbose cli   'install',
1 verbose cli   'angular-animate@X.Y.Z' ]
2 info using npm@2.15.8
3 info using node@v4.4.7
4 verbose install initial load of C:\OpenServer\domains\angular-front\package.json
5 warn package.json ng-test@0.0.1 No repository field.
6 warn package.json ng-test@0.0.1 No README data
7 warn package.json ng-test@0.0.1 No license field.
8 verbose installManyTop reading scoped package data from C:\OpenServer\domains\angular-front\node_modules\express\package.json
9 verbose installManyTop reading scoped package data from C:\OpenServer\domains\angular-front\node_modules\gulp\package.json
10 verbose installManyTop reading scoped package data from C:\OpenServer\domains\angular-front\node_modules\gulp-concat\package.json
11 verbose installManyTop reading scoped package data from C:\OpenServer\domains\angular-front\node_modules\jade\package.json
12 verbose installManyTop reading scoped package data from C:\OpenServer\domains\angular-front\node_modules\socket.io\package.json
13 verbose readDependencies loading dependencies from C:\OpenServer\domains\angular-front\package.json
14 silly cache add args [ 'angular-animate@X.Y.Z', null ]
15 verbose cache add spec angular-animate@X.Y.Z
16 silly cache add parsed spec Result {
16 silly cache add   raw: 'angular-animate@X.Y.Z',
16 silly cache add   scope: null,
16 silly cache add   name: 'angular-animate',
16 silly cache add   rawSpec: 'X.Y.Z',
16 silly cache add   spec: 'X.Y.Z',
16 silly cache add   type: 'tag' }
17 silly addNamed angular-animate@X.Y.Z
18 verbose addNamed "X.Y.Z" is being treated as a dist-tag for angular-animate
19 info addNameTag [ 'angular-animate', 'X.Y.Z' ]
20 silly mapToRegistry name angular-animate
21 silly mapToRegistry using default registry
22 silly mapToRegistry registry https://registry.npmjs.org/
23 silly mapToRegistry data Result {
23 silly mapToRegistry   raw: 'angular-animate',
23 silly mapToRegistry   scope: null,
23 silly mapToRegistry   name: 'angular-animate',
23 silly mapToRegistry   rawSpec: '',
23 silly mapToRegistry   spec: 'latest',
23 silly mapToRegistry   type: 'tag' }
24 silly mapToRegistry uri https://registry.npmjs.org/angular-animate
25 verbose addNameTag registry:https://registry.npmjs.org/angular-animate not in flight; fetching
26 verbose request uri https://registry.npmjs.org/angular-animate
27 verbose request no auth needed
28 info attempt registry request try #1 at 18:36:56
29 verbose request id 7f33c3d217e3cf73
30 http request GET https://registry.npmjs.org/angular-animate
31 http 200 https://registry.npmjs.org/angular-animate
32 verbose headers { server: 'nginx/1.10.1',
32 verbose headers   'content-type': 'application/json',
32 verbose headers   'last-modified': 'Thu, 24 Nov 2016 22:07:31 GMT',
32 verbose headers   etag: 'W/"583764a3-1875d"',
32 verbose headers   'content-encoding': 'gzip',
32 verbose headers   'cache-control': 'max-age=300',
32 verbose headers   'content-length': '10200',
32 verbose headers   'accept-ranges': 'bytes',
32 verbose headers   date: 'Sun, 27 Nov 2016 16:41:31 GMT',
32 verbose headers   via: '1.1 varnish',
32 verbose headers   age: '0',
32 verbose headers   connection: 'keep-alive',
32 verbose headers   'x-served-by': 'cache-lhr6339-LHR',
32 verbose headers   'x-cache': 'HIT',
32 verbose headers   'x-cache-hits': '1',
32 verbose headers   'x-timer': 'S1480264891.307317,VS0,VE17',
32 verbose headers   vary: 'Accept-Encoding' }
33 silly get cb [ 200,
33 silly get   { server: 'nginx/1.10.1',
33 silly get     'content-type': 'application/json',
33 silly get     'last-modified': 'Thu, 24 Nov 2016 22:07:31 GMT',
33 silly get     etag: 'W/"583764a3-1875d"',
33 silly get     'content-encoding': 'gzip',
33 silly get     'cache-control': 'max-age=300',
33 silly get     'content-length': '10200',
33 silly get     'accept-ranges': 'bytes',
33 silly get     date: 'Sun, 27 Nov 2016 16:41:31 GMT',
33 silly get     via: '1.1 varnish',
33 silly get     age: '0',
33 silly get     connection: 'keep-alive',
33 silly get     'x-served-by': 'cache-lhr6339-LHR',
33 silly get     'x-cache': 'HIT',
33 silly get     'x-cache-hits': '1',
33 silly get     'x-timer': 'S1480264891.307317,VS0,VE17',
33 silly get     vary: 'Accept-Encoding' } ]
34 verbose get saving angular-animate to C:\Users\Ира\AppData\Roaming\npm-cache\registry.npmjs.org\angular-animate\.cache.json
35 verbose correctMkdir C:\Users\Ира\AppData\Roaming\npm-cache correctMkdir not in flight; initializing
36 silly addNameTag next cb for angular-animate with tag X.Y.Z
37 verbose stack Error: No compatible version found: angular-animate@'X.Y.Z'
37 verbose stack Valid install targets:
37 verbose stack ["0.0.1","0.0.2","1.2.19-build.256","1.2.16","1.2.23","1.3.0-rc.5","1.3.0","1.3.1","1.3.2","1.3.3","1.3.4-build.3588","1.2.27","1.3.4","1.3.5","1.3.6","1.3.7","1.2.28","1.3.8","1.4.0-beta.0","1.3.9","1.3.10","1.4.0-beta.1","1.4.0-beta.2","1.3.11","1.4.0-beta.3","1.3.12","1.3.13","1.4.0-beta.4","1.3.14","1.4.0-beta.5","1.4.0-beta.6","1.3.15","1.4.0-rc.0","1.4.0-rc.1","1.4.0-rc.2","1.4.0","1.3.16","1.4.1","1.4.2","1.3.17","1.4.3","1.4.4","1.3.18","1.4.5","1.3.19","1.4.6","1.5.0-beta.0","1.2.29","1.3.20","1.4.7","1.5.0-beta.2","1.4.8","1.5.0-rc.0","1.5.0-rc.1","1.4.9","1.5.0-rc.2","1.5.0","1.5.1","1.4.10","1.5.2","1.5.3","1.5.5","1.4.11","1.5.6","1.4.12","1.5.7","1.2.30","1.5.8","1.4.13","1.2.31","1.2.32","1.4.14","1.6.0-rc.0","1.6.0-rc.1","1.5.9","1.6.0-rc.2"]
37 verbose stack
37 verbose stack     at installTargetsError (C:\Program Files (x86)\nodejs\node_modules\npm\lib\cache\add-named.js:284:12)
37 verbose stack     at next (C:\Program Files (x86)\nodejs\node_modules\npm\lib\cache\add-named.js:94:10)
37 verbose stack     at RES (C:\Program Files (x86)\nodejs\node_modules\npm\node_modules\inflight\inflight.js:23:14)
37 verbose stack     at f (C:\Program Files (x86)\nodejs\node_modules\npm\node_modules\once\once.js:17:25)
37 verbose stack     at fixName (C:\Program Files (x86)\nodejs\node_modules\npm\lib\cache\add-named.js:29:5)
37 verbose stack     at saved (C:\Program Files (x86)\nodejs\node_modules\npm\lib\cache\caching-client.js:173:7)
37 verbose stack     at C:\Program Files (x86)\nodejs\node_modules\npm\node_modules\graceful-fs\polyfills.js:210:7
37 verbose stack     at FSReqWrap.oncomplete (fs.js:82:15)
38 verbose cwd C:\OpenServer\domains\angular-front
39 error Windows_NT 6.1.7601
40 error argv "C:\\Program Files (x86)\\nodejs\\node.exe" "C:\\Program Files (x86)\\nodejs\\node_modules\\npm\\bin\\npm-cli.js" "install" "angular-animate@X.Y.Z"
41 error node v4.4.7
42 error npm  v2.15.8
43 error code ETARGET
44 error notarget No compatible version found: angular-animate@'X.Y.Z'
44 error notarget Valid install targets:
44 error notarget ["0.0.1","0.0.2","1.2.19-build.256","1.2.16","1.2.23","1.3.0-rc.5","1.3.0","1.3.1","1.3.2","1.3.3","1.3.4-build.3588","1.2.27","1.3.4","1.3.5","1.3.6","1.3.7","1.2.28","1.3.8","1.4.0-beta.0","1.3.9","1.3.10","1.4.0-beta.1","1.4.0-beta.2","1.3.11","1.4.0-beta.3","1.3.12","1.3.13","1.4.0-beta.4","1.3.14","1.4.0-beta.5","1.4.0-beta.6","1.3.15","1.4.0-rc.0","1.4.0-rc.1","1.4.0-rc.2","1.4.0","1.3.16","1.4.1","1.4.2","1.3.17","1.4.3","1.4.4","1.3.18","1.4.5","1.3.19","1.4.6","1.5.0-beta.0","1.2.29","1.3.20","1.4.7","1.5.0-beta.2","1.4.8","1.5.0-rc.0","1.5.0-rc.1","1.4.9","1.5.0-rc.2","1.5.0","1.5.1","1.4.10","1.5.2","1.5.3","1.5.5","1.4.11","1.5.6","1.4.12","1.5.7","1.2.30","1.5.8","1.4.13","1.2.31","1.2.32","1.4.14","1.6.0-rc.0","1.6.0-rc.1","1.5.9","1.6.0-rc.2"]
44 error notarget
44 error notarget This is most likely not a problem with npm itself.
44 error notarget In most cases you or one of your dependencies are requesting
44 error notarget a package version that doesn't exist.
44 error notarget
44 error notarget It was specified as a dependency of 'ng-test'
45 verbose exit [ 1, true ]
